[2021-08-30 15:40:53,938: INFO/MainProcess] Connected to redis://redis:6379/0
[2021-08-30 15:40:53,947: INFO/MainProcess] mingle: searching for neighbors
[2021-08-30 15:40:54,968: INFO/MainProcess] mingle: all alone
[2021-08-30 15:40:54,997: INFO/MainProcess] celery@00f15febd7fb ready.
[2021-08-31 09:50:26,198: INFO/MainProcess] Connected to redis://redis:6379/0
[2021-08-31 09:50:26,206: INFO/MainProcess] mingle: searching for neighbors
[2021-08-31 09:50:27,226: INFO/MainProcess] mingle: all alone
[2021-08-31 09:50:27,254: INFO/MainProcess] celery@6483c8d8a711 ready.
[2021-08-31 09:50:31,509: INFO/MainProcess] Events of group {task} enabled by remote.
[2021-08-31 09:52:24,349: INFO/MainProcess] Received task: judge[c30f8dbe-140f-4260-b243-05b3f715f9ed]  
[2021-08-31 09:52:24,352: INFO/ForkPoolWorker-2] ['/usr/local/bin/isolate', '--cg', '--box-id=12', '--cleanup']
[2021-08-31 09:52:24,363: INFO/ForkPoolWorker-2] ['/usr/local/bin/isolate', '--cg', '--box-id=12', '--init']
[2021-08-31 09:52:24,400: INFO/ForkPoolWorker-2] {'name': 'PREPARE_FILE', 'status': 'INPROGRESS', 'participant_hint': '', 'judge_hint': 'FIRST STEP PREPARE FILE - THIS STEP FAILED IF THE JUDGE HAS A BUG INSIDE', 'step_status': 'UNK'}
[2021-08-31 09:52:24,402: INFO/ForkPoolWorker-2] {'name': 'PREPARE_FILE_CHECKER', 'status': 'INPROGRESS', 'participant_hint': '', 'judge_hint': 'FIRST STEP PREPARE FILE - THIS STEP FAILED IF THE JUDGE HAS A BUG INSIDE', 'step_status': 'DONE'}
[2021-08-31 09:52:25,798: INFO/MainProcess] Received task: judge[68f1b2d4-8dc7-49cc-994d-44c3d77c0dbb]  
[2021-08-31 09:52:25,802: INFO/ForkPoolWorker-4] ['/usr/local/bin/isolate', '--cg', '--box-id=14', '--cleanup']
[2021-08-31 09:52:25,817: INFO/ForkPoolWorker-4] ['/usr/local/bin/isolate', '--cg', '--box-id=14', '--init']
[2021-08-31 09:52:25,856: INFO/ForkPoolWorker-4] {'name': 'PREPARE_FILE', 'status': 'INPROGRESS', 'participant_hint': '', 'judge_hint': 'FIRST STEP PREPARE FILE - THIS STEP FAILED IF THE JUDGE HAS A BUG INSIDE', 'step_status': 'UNK'}
[2021-08-31 09:52:25,858: INFO/ForkPoolWorker-4] {'name': 'PREPARE_FILE_CHECKER', 'status': 'INPROGRESS', 'participant_hint': '', 'judge_hint': 'FIRST STEP PREPARE FILE - THIS STEP FAILED IF THE JUDGE HAS A BUG INSIDE', 'step_status': 'DONE'}
[2021-08-31 09:52:26,048: INFO/ForkPoolWorker-2] {'name': 'COMPILER', 'status': 'DONE', 'participant_hint': 'COMPILATION DONE', 'judge_hint': '', 'step_status': 'COMPILATION_DONE'}
[2021-08-31 09:52:26,545: INFO/MainProcess] Received task: judge[24b842bf-6fd9-4b93-b283-cd991a086c43]  
[2021-08-31 09:52:26,550: INFO/ForkPoolWorker-1] ['/usr/local/bin/isolate', '--cg', '--box-id=11', '--cleanup']
[2021-08-31 09:52:26,582: INFO/ForkPoolWorker-1] ['/usr/local/bin/isolate', '--cg', '--box-id=11', '--init']
[2021-08-31 09:52:26,649: INFO/ForkPoolWorker-1] {'name': 'PREPARE_FILE', 'status': 'INPROGRESS', 'participant_hint': '', 'judge_hint': 'FIRST STEP PREPARE FILE - THIS STEP FAILED IF THE JUDGE HAS A BUG INSIDE', 'step_status': 'UNK'}
[2021-08-31 09:52:26,653: INFO/ForkPoolWorker-1] {'name': 'PREPARE_FILE_CHECKER', 'status': 'INPROGRESS', 'participant_hint': '', 'judge_hint': 'FIRST STEP PREPARE FILE - THIS STEP FAILED IF THE JUDGE HAS A BUG INSIDE', 'step_status': 'DONE'}
[2021-08-31 09:52:27,597: INFO/ForkPoolWorker-4] {'name': 'COMPILER', 'status': 'DONE', 'participant_hint': 'COMPILATION DONE', 'judge_hint': '', 'step_status': 'COMPILATION_DONE'}
[2021-08-31 09:52:27,874: INFO/MainProcess] Received task: judge[cf76655d-d64b-4002-9a20-2e96ce1d81ee]  
[2021-08-31 09:52:27,878: INFO/ForkPoolWorker-3] ['/usr/local/bin/isolate', '--cg', '--box-id=13', '--cleanup']
[2021-08-31 09:52:27,925: INFO/ForkPoolWorker-3] ['/usr/local/bin/isolate', '--cg', '--box-id=13', '--init']
[2021-08-31 09:52:27,992: INFO/ForkPoolWorker-3] {'name': 'PREPARE_FILE', 'status': 'INPROGRESS', 'participant_hint': '', 'judge_hint': 'FIRST STEP PREPARE FILE - THIS STEP FAILED IF THE JUDGE HAS A BUG INSIDE', 'step_status': 'UNK'}
[2021-08-31 09:52:27,994: INFO/ForkPoolWorker-3] {'name': 'PREPARE_FILE_CHECKER', 'status': 'INPROGRESS', 'participant_hint': '', 'judge_hint': 'FIRST STEP PREPARE FILE - THIS STEP FAILED IF THE JUDGE HAS A BUG INSIDE', 'step_status': 'DONE'}
[2021-08-31 09:52:28,397: INFO/ForkPoolWorker-1] {'name': 'COMPILER', 'status': 'DONE', 'participant_hint': 'COMPILATION DONE', 'judge_hint': '', 'step_status': 'COMPILATION_DONE'}
[2021-08-31 09:52:28,606: INFO/MainProcess] Received task: judge[8f46d878-16fa-4236-8c94-7bb0824d278f]  
[2021-08-31 09:52:30,532: INFO/ForkPoolWorker-3] {'name': 'COMPILER', 'status': 'DONE', 'participant_hint': 'COMPILATION DONE', 'judge_hint': '', 'step_status': 'COMPILATION_DONE'}
[2021-08-31 09:52:31,537: INFO/ForkPoolWorker-2] {'name': 'COMPILER_CHECKER', 'status': 'DONE', 'participant_hint': '', 'judge_hint': 'Checker :', 'step_status': 'COMPILATION_DONE'}
[2021-08-31 09:52:32,484: INFO/ForkPoolWorker-4] {'name': 'COMPILER_CHECKER', 'status': 'DONE', 'participant_hint': '', 'judge_hint': 'Checker :', 'step_status': 'COMPILATION_DONE'}
[2021-08-31 09:52:32,950: INFO/ForkPoolWorker-2] {'name': 'TESTCASE', 'status': 'FAILED', 'participant_hint': 'Time Limit Exceeded in testcase 1', 'judge_hint': '', 'step_status': 'TLE', 'info': {'execution_time': 1.013, 'execution_wall_clock_time': 1.401, 'execution_memory': 217473024, 'exit_status': 'timeout'}}
[2021-08-31 09:52:32,988: INFO/ForkPoolWorker-2] Task judge[c30f8dbe-140f-4260-b243-05b3f715f9ed] succeeded in 8.637290570000914s: {'name': 'TESTCASE', 'status': 'FAILED', 'participant_hint': 'Time Limit Exceeded in testcase 1', 'judge_hint': '', 'step_status': 'TLE', 'info': {'execution_time': 1.013, 'execution_wall_clock_time': 1.401, 'execution_memory': 217473024, 'exit_status': 'timeout'}}
[2021-08-31 09:52:32,992: INFO/ForkPoolWorker-2] ['/usr/local/bin/isolate', '--cg', '--box-id=12', '--cleanup']
[2021-08-31 09:52:33,004: INFO/ForkPoolWorker-2] ['/usr/local/bin/isolate', '--cg', '--box-id=12', '--init']
[2021-08-31 09:52:33,086: INFO/ForkPoolWorker-2] {'name': 'PREPARE_FILE', 'status': 'INPROGRESS', 'participant_hint': '', 'judge_hint': 'FIRST STEP PREPARE FILE - THIS STEP FAILED IF THE JUDGE HAS A BUG INSIDE', 'step_status': 'UNK'}
[2021-08-31 09:52:33,088: INFO/ForkPoolWorker-2] {'name': 'PREPARE_FILE_CHECKER', 'status': 'INPROGRESS', 'participant_hint': '', 'judge_hint': 'FIRST STEP PREPARE FILE - THIS STEP FAILED IF THE JUDGE HAS A BUG INSIDE', 'step_status': 'DONE'}
[2021-08-31 09:52:33,796: INFO/ForkPoolWorker-1] {'name': 'COMPILER_CHECKER', 'status': 'DONE', 'participant_hint': '', 'judge_hint': 'Checker :', 'step_status': 'COMPILATION_DONE'}
[2021-08-31 09:52:34,107: INFO/ForkPoolWorker-4] {'name': 'TESTCASE', 'status': 'FAILED', 'participant_hint': 'Time Limit Exceeded in testcase 1', 'judge_hint': '', 'step_status': 'TLE', 'info': {'execution_time': 1.029, 'execution_wall_clock_time': 1.6, 'execution_memory': 205926400, 'exit_status': 'timeout'}}
[2021-08-31 09:52:34,120: INFO/ForkPoolWorker-4] Task judge[68f1b2d4-8dc7-49cc-994d-44c3d77c0dbb] succeeded in 8.319359781002277s: {'name': 'TESTCASE', 'status': 'FAILED', 'participant_hint': 'Time Limit Exceeded in testcase 1', 'judge_hint': '', 'step_status': 'TLE', 'info': {'execution_time': 1.029, 'execution_wall_clock_time': 1.6, 'execution_memory': 205926400, 'exit_status': 'timeout'}}
[2021-08-31 09:52:35,066: INFO/ForkPoolWorker-2] {'name': 'COMPILER', 'status': 'DONE', 'participant_hint': 'COMPILATION DONE', 'judge_hint': '', 'step_status': 'COMPILATION_DONE'}
[2021-08-31 09:52:35,128: INFO/ForkPoolWorker-1] {'name': 'TESTCASE', 'status': 'FAILED', 'participant_hint': 'Time Limit Exceeded in testcase 1', 'judge_hint': '', 'step_status': 'TLE', 'info': {'execution_time': 1.049, 'execution_wall_clock_time': 1.3, 'execution_memory': 203579392, 'exit_status': 'timeout'}}
[2021-08-31 09:52:35,142: INFO/ForkPoolWorker-1] Task judge[24b842bf-6fd9-4b93-b283-cd991a086c43] succeeded in 8.594421943998896s: {'name': 'TESTCASE', 'status': 'FAILED', 'participant_hint': 'Time Limit Exceeded in testcase 1', 'judge_hint': '', 'step_status': 'TLE', 'info': {'execution_time': 1.049, 'execution_wall_clock_time': 1.3, 'execution_memory': 203579392, 'exit_status': 'timeout'}}
[2021-08-31 09:52:35,334: INFO/ForkPoolWorker-3] {'name': 'COMPILER_CHECKER', 'status': 'DONE', 'participant_hint': '', 'judge_hint': 'Checker :', 'step_status': 'COMPILATION_DONE'}
[2021-08-31 09:52:36,441: INFO/ForkPoolWorker-3] {'name': 'TESTCASE', 'status': 'FAILED', 'participant_hint': 'Time Limit Exceeded in testcase 1', 'judge_hint': '', 'step_status': 'TLE', 'info': {'execution_time': 1.072, 'execution_wall_clock_time': 1.1, 'execution_memory': 204918784, 'exit_status': 'timeout'}}
[2021-08-31 09:52:36,446: INFO/ForkPoolWorker-3] Task judge[cf76655d-d64b-4002-9a20-2e96ce1d81ee] succeeded in 8.568379218999326s: {'name': 'TESTCASE', 'status': 'FAILED', 'participant_hint': 'Time Limit Exceeded in testcase 1', 'judge_hint': '', 'step_status': 'TLE', 'info': {'execution_time': 1.072, 'execution_wall_clock_time': 1.1, 'execution_memory': 204918784, 'exit_status': 'timeout'}}
[2021-08-31 09:52:38,686: INFO/ForkPoolWorker-2] {'name': 'COMPILER_CHECKER', 'status': 'DONE', 'participant_hint': '', 'judge_hint': 'Checker :', 'step_status': 'COMPILATION_DONE'}
[2021-08-31 09:52:39,794: INFO/ForkPoolWorker-2] {'name': 'TESTCASE', 'status': 'FAILED', 'participant_hint': 'Time Limit Exceeded in testcase 1', 'judge_hint': '', 'step_status': 'TLE', 'info': {'execution_time': 1.071, 'execution_wall_clock_time': 1.101, 'execution_memory': 203780096, 'exit_status': 'timeout'}}
[2021-08-31 09:52:39,796: INFO/ForkPoolWorker-2] Task judge[8f46d878-16fa-4236-8c94-7bb0824d278f] succeeded in 6.804388361000747s: {'name': 'TESTCASE', 'status': 'FAILED', 'participant_hint': 'Time Limit Exceeded in testcase 1', 'judge_hint': '', 'step_status': 'TLE', 'info': {'execution_time': 1.071, 'execution_wall_clock_time': 1.101, 'execution_memory': 203780096, 'exit_status': 'timeout'}}
